0.0
starting calculation with  1000  points
time for calculation with multiprocessing:  0:05:41.731163
[[  2.26740943e+00   2.26740943e+00  -4.50680389e-16]
 [  2.26648979e+00   2.26648979e+00   2.70413632e-16]
 [  2.26532686e+00  -2.26532686e+00   3.62003074e-16]
 ..., 
 [  2.26532686e+00   2.26532686e+00  -7.51851536e-16]
 [  2.26648979e+00  -2.26648979e+00   3.25646061e-16]
 [  2.26740943e+00  -2.26740943e+00  -2.94660840e-16]]
[2.2674094261875006, 2.2674094261875006, -4.5068038862502598e-16]
[2.266489790648615, 2.266489790648615, 2.7041363221004868e-16]
[2.2653268591086833, -2.2653268591086833, 3.6200307355421493e-16]
[2.2636314753878124, -2.2636314753878124, 3.1435053033200683e-16]
[2.2601915075528409, -2.2601915075528409, -8.1165879718602259e-16]
[2.254993906515216, -2.254993906515216, -3.4690435056153691e-16]
[2.2480267878112929, -2.2480267878112929, 1.8259995593310455e-16]
[2.2392794803364673, -2.2392794803364673, -5.2874697216676939e-16]
[2.2324783620380515, 2.2324783620380515, 9.0704769249344145e-16]
[2.2221964203722346, 2.2221964203722346, 3.1079530815471397e-16]
[2.2086192630031865, -2.2086192630031865, 9.8908054453937583e-17]
[2.1975747076581071, -2.1975747076581071, -4.0106761024510812e-16]
[2.1847340825321795, -2.1847340825321795, 5.2756152028214126e-17]
[2.170090648793304, -2.170090648793304, -3.4901065425157426e-17]
[2.153639176058483, -2.153639176058483, -2.0568992836357716e-16]
[2.1353760379268376, -2.1353760379268376, -2.0501067729773944e-16]
[2.1164674152194514, 2.1164674152194514, -4.5372008256655441e-16]
[2.0968286591440237, 2.0968286591440237, -3.2705969645248066e-16]
[2.0734628841283289, 2.0734628841283289, -4.4080916291886252e-16]
[2.04984399488561, -2.04984399488561, 3.6361664688871597e-16]
[2.0276702278635943, 2.0276702278635943, 3.6301467543066481e-17]
[2.0034201278271566, 2.0034201278271566, 1.7540361768227005e-16]
[1.9769161899495538, -1.9769161899495538, 1.923633566725121e-16]
[1.9489988438341053, -1.9489988438341053, 1.1169297476480423e-16]
[1.9192897436989833, -1.9192897436989833, 4.5357054219795166e-17]
[1.8896260806693863, 1.8896260806693863, -1.0095485384580138e-16]
[1.8573401010301114, 1.8573401010301114, -4.0067184248475923e-16]
[1.8217125865903279, 1.8217125865903279, 2.7233791431326082e-16]
[1.7889528630939646, 1.7889528630939646, -1.1750700234426161e-16]
[1.7557264259752066, 1.7557264259752066, -9.2730877615964653e-16]
[1.7192420220445293, -1.7192420220445293, 7.0061772271069521e-17]
[1.6817956889239878, -1.6817956889239878, -3.230608913962419e-16]
[1.6426461443615958, -1.6426461443615958, -3.5053922899763366e-16]
[1.6022058523709379, 1.6022058523709379, -1.1818002756185083e-15]
[1.5614472761186118, 1.5614472761186118, 6.0808831466138801e-17]
[1.5176655984224026, 1.5176655984224026, 2.9721617386203464e-16]
[1.4727248711561929, -1.4727248711561929, -2.0107488789811955e-16]
[1.4298002105200147, 1.4298002105200147, 6.0358828116781398e-17]
[1.3850074381237929, 1.3850074381237929, -2.3415846782447818e-16]
[1.3381016338866436, -1.3381016338866436, 6.1859202041056857e-16]
[1.2901386196475031, -1.2901386196475031, -1.4129265738970846e-16]
[1.2407152824244254, -1.2407152824244254, 1.6595823060557325e-16]
[1.190875218946958, 1.190875218946958, -3.02913077965895e-16]
[1.1395284442057003, 1.1395284442057003, -2.792592011520942e-16]
[1.085711172043758, 1.085711172043758, -2.9209733511896756e-16]
[1.0328949632379094, 1.0328949632379094, -1.9571184506753203e-16]
[0.98048084731422436, 0.98048084731422436, 2.0970218340305159e-16]
[0.92558619466044167, 0.92558619466044167, -4.5516723294812315e-16]
[0.87002768258082253, -0.87002768258082253, -4.3141185213624135e-16]
[0.8134525862922054, -0.8134525862922054, -3.8187012276447327e-16]
[0.75589018804208252, -0.75589018804208252, -4.8401155617016902e-16]
[0.69744693811480285, -0.69744693811480285, 1.3219662482605767e-16]
[0.63823847350376084, -0.63823847350376084, -1.3197828022864938e-16]
[0.57838996859519864, -0.57838996859519864, -1.3753057218976459e-17]
[0.51897397268235879, 0.51897397268235879, -3.4763541685258289e-16]
[0.45746175333293532, 0.45746175333293532, -3.7315079053834108e-16]
[0.39653996302431471, 0.39653996302431471, 6.3423339046596824e-16]
[0.33597934700454757, 0.33597934700454757, 1.6425037510041271e-16]
[0.27462920791396717, -0.27462920791396717, -5.7705141723184579e-16]
[0.21413398413628845, -0.21413398413628845, -4.0944905628197174e-16]
[0.15415934831355146, -0.15415934831355146, -1.725138624221475e-16]
[0.17503133741630922, 0.17503133741630922, -5.2270978398929524e-16]
[0.21260291735990106, 0.21260291735990106, -5.1799506305439028e-16]
[0.25200324630811988, -0.25200324630811988, -1.121907174731528e-15]
[0.29540528614444284, 0.29540528614444284, -1.7702419815874609e-17]
[0.34180325353696472, 0.34180325353696472, 8.0940871243608216e-16]
[0.39064010311295205, -0.39064010311295205, -1.3698737334194683e-15]
[0.44376259263709411, 0.44376259263709411, 1.2421195694811282e-15]
[0.49870465176284484, -0.49870465176284484, 3.6014573853187771e-16]
[0.5578177972146211, 0.5578177972146211, 4.4572285767949864e-16]
[0.61869598779038337, 0.61869598779038337, -2.3887833237824514e-17]
[0.68202600090938736, -0.68202600090938736, 1.8107595436933466e-16]
[0.74742129692810011, 0.74742129692810011, -3.1133005758337832e-16]
[0.8140204596212719, 0.8140204596212719, -1.0337443983050806e-16]
[0.88152207187367149, 0.88152207187367149, -5.5034510424931903e-16]
[0.94988531901901618, -0.94988531901901618, 5.1757395505158108e-16]
[1.0187656620764973, 1.0187656620764973, -4.6137928151816089e-16]
[1.088248756267211, 1.088248756267211, 5.343262512855394e-16]
[1.1581604293677814, -1.1581604293677814, -6.1418297594475462e-16]
[1.2282105315399459, 1.2282105315399459, 3.6563713865738752e-16]
[1.2983653927522043, 1.2983653927522043, 3.3855767566627645e-16]
[1.3684016597560851, 1.3684016597560851, 2.5343373685493767e-16]
[1.4387514985132108, -1.4387514985132108, 5.7016564272452497e-17]
[1.5087842131387124, -1.5087842131387124, -7.4647342360311573e-16]
[1.5777608393479758, -1.5777608393479758, -1.680656412148799e-16]
[1.6477552723197921, 1.6477552723197921, 2.6289841095066754e-18]
[1.7182990805355136, 1.7182990805355136, -1.2039404354451334e-15]
[1.7881223114536005, -1.7881223114536005, 9.2000699569255606e-16]
[1.8572346206129837, -1.8572346206129837, -2.5975743336769421e-16]
[1.9251333529954602, -1.9251333529954602, -4.3914724895636749e-16]
[1.9917427560666743, -1.9917427560666743, -1.1283393859595901e-16]
[2.0613879083189866, 2.0613879083189866, -3.5684339625138601e-17]
[2.1302638563591039, 2.1302638563591039, -1.8642711559013273e-17]
[2.1978463446855931, -2.1978463446855931, -3.3863775493237394e-16]
[2.2643741757867297, -2.2643741757867297, -3.8649581918034338e-16]
[2.329470963933046, -2.329470963933046, -5.8880798401223459e-16]
[2.393881032818832, 2.393881032818832, -1.4308196490601634e-16]
[2.4607463536398733, 2.4607463536398733, 7.0282283781332789e-16]
[2.5255697603242053, 2.5255697603242053, 7.8352337879921937e-17]
[2.5891638716545882, -2.5891638716545882, 5.529149817563594e-16]
[2.6524718417701356, -2.6524718417701356, -3.0907847239113159e-18]
[2.7141518259771962, -2.7141518259771962, 8.9471894664405245e-16]
[2.775566051301646, 2.775566051301646, -3.5932552448552649e-16]
[2.8366090951888565, 2.8366090951888565, -5.3665700386632235e-16]
[2.8947533860914012, 2.8947533860914012, -1.4082693629805097e-16]
[2.9539236736820467, -2.9539236736820467, -7.1601335525963036e-16]
[3.0134179314104999, -3.0134179314104999, 1.1106808233967344e-16]
[3.0711044918730575, -3.0711044918730575, 2.7447849892713664e-16]
[3.1269267182943943, -3.1269267182943943, 5.8367626032798843e-17]
[3.1808295758719272, -3.1808295758719272, 4.865842356653113e-17]
[3.2327595621046594, -3.2327595621046594, 6.6703211898906117e-16]
[3.2886199956441282, 3.2886199956441282, -4.4271819442243934e-16]
[3.3421087764783781, 3.3421087764783781, -7.2897179071335663e-16]
[3.3920798113510808, -3.3920798113510808, -4.3261972029713814e-16]
[3.4431975927188079, -3.4431975927188079, 4.8038652635236295e-17]
[3.492240307074554, -3.492240307074554, -2.8131638798641303e-16]
[3.5393612477203069, 3.5393612477203069, -3.9968932939850363e-16]
[3.5858561404855394, 3.5858561404855394, 3.9508545118042987e-16]
[3.6279897457540051, 3.6279897457540051, 3.7984350971572479e-16]
[3.6695209705831586, 3.6695209705831586, -3.2588406511765657e-16]
[3.7169006470933388, 3.7169006470933388, 6.4801688320093824e-17]
[3.7598589940098273, 3.7598589940098273, 4.2654146072440146e-16]
[3.8000093666940127, -3.8000093666940127, 1.6274872614875258e-16]
[3.8391102284842979, -3.8391102284842979, 4.1416465444567504e-16]
[3.875860871113245, -3.875860871113245, -4.0989887854219917e-16]
[3.9123422311003639, 3.9123422311003639, 6.1548259851549613e-16]
[3.9465117175514148, 3.9465117175514148, -2.609620295710214e-17]
[3.9755902068333913, 3.9755902068333913, 8.3846771401930302e-16]
[4.0079950654411283, -4.0079950654411283, -2.8408635758497695e-16]
[4.041941753264072, 4.041941753264072, 4.6041505691694137e-16]
[4.071663902817563, 4.071663902817563, -6.8646877382135478e-17]
[4.0994621046849993, -4.0994621046849993, 4.8605773869058089e-16]
[4.12490873426598, -4.12490873426598, -1.026750610255917e-16]
[4.1477742353416964, -4.1477742353416964, 2.5645059373693576e-17]
[4.1723807460949009, 4.1723807460949009, 2.7713768366841495e-16]
[4.1918826322996487, 4.1918826322996487, -1.0613655657332893e-16]
[4.2071692693391869, -4.2071692693391869, 8.4887571925656361e-17]
[4.2283360036091127, -4.2283360036091127, -8.1357966590275936e-16]
[4.2475149896069926, 4.2475149896069926, 1.2916122258473586e-15]
[4.26268947815446, -4.26268947815446, -2.0899168471046462e-16]
[4.2758140825440556, -4.2758140825440556, -4.1817230485521338e-16]
[4.2861978172196222, -4.2861978172196222, -5.619558843825362e-17]
[4.2960245166327917, 4.2960245166327917, 1.9126258609891448e-16]
[4.305070755670406, 4.305070755670406, 3.1843398739303165e-16]
[4.3083281496415413, 4.3083281496415413, -7.6085085259326872e-17]
[4.3119450739700707, -4.3119450739700707, -8.4162191678510378e-16]
[4.3175199860042808, -4.3175199860042808, -1.1359620370137427e-16]
[4.3205502327571388, 4.3205502327571388, -4.533739335001424e-16]
[4.3201784120796569, -4.3201784120796569, 1.8718292991005059e-16]
[4.3172152271444082, -4.3172152271444082, -4.7570443514855487e-17]
[4.3113615440486956, -4.3113615440486956, 1.93627851719879e-16]
[4.3075430818330842, 4.3075430818330842, 2.6809675412911955e-16]
[4.2996783142067407, 4.2996783142067407, -8.2964801417730041e-17]
[4.2860457151560798, 4.2860457151560798, -2.3504402496483828e-16]
[4.2772316390794716, -4.2772316390794716, -3.6226208816705631e-16]
[4.2661076547587058, -4.2661076547587058, -4.1406769039285422e-16]
[4.2520369005011638, -4.2520369005011638, -4.0413180910849822e-16]
[4.2350043416697964, -4.2350043416697964, 2.8243324845240828e-16]
[4.2149965883499148, -4.2149965883499148, 1.8759557296184862e-16]
[4.1935916658489809, 4.1935916658489809, 4.475271578172285e-16]
[4.1744271128416637, 4.1744271128416637, -1.1737692360021189e-16]
[4.1496419585953008, 4.1496419585953008, -4.9739478508544835e-17]
[4.1222976351622522, -4.1222976351622522, 2.7172255864423741e-16]
[4.0966702465383982, -4.0966702465383982, -6.4469714873096244e-16]
[4.068037477814646, -4.068037477814646, -1.1996519136834361e-16]
[4.0366607692931895, 4.0366607692931895, -1.1929563124811303e-16]
[4.0017362569875372, -4.0017362569875372, 4.076083574766386e-16]
[3.9640636126333808, -3.9640636126333808, -6.2081732868689171e-16]
[3.9293001554239337, 3.9293001554239337, 1.8021132364299724e-16]
[3.893568165697427, 3.893568165697427, 8.8212294363959733e-16]
[3.8526941629128113, 3.8526941629128113, 5.4410910570890605e-16]
[3.8110402607410667, -3.8110402607410667, -7.0729453357714021e-17]
[3.7674928635249145, -3.7674928635249145, 1.350903539770975e-16]
[3.7209436866158261, -3.7209436866158261, 6.3101271352688004e-16]
[3.6743683723407417, 3.6743683723407417, -3.6619758768758265e-16]
[3.6236406186606187, 3.6236406186606187, -4.1596854741660798e-16]
[3.5686603371636987, -3.5686603371636987, 2.4681599347334852e-16]
[3.5190519095709036, -3.5190519095709036, -4.0247255146094774e-17]
[3.4664663163666849, -3.4664663163666849, 3.0793054085139224e-16]
[3.4109220579559381, -3.4109220579559381, 6.3387124688902038e-16]
[3.3524416264192713, -3.3524416264192713, -4.0505613919354964e-16]
[3.291051854519206, -3.291051854519206, -1.1836353500797989e-16]
[3.2290448797273994, 3.2290448797273994, 3.8407964608769659e-16]
[3.1689038523875848, 3.1689038523875848, -1.2895055671059101e-16]
[3.1047640175445061, 3.1047640175445061, 6.2950826452722438e-16]
[3.0384269816156229, -3.0384269816156229, -5.5129578683734685e-16]
[2.9710422198238549, -2.9710422198238549, -4.3351464901620854e-17]
[2.9008614966803878, -2.9008614966803878, -1.3474447179714636e-16]
[2.8303782959232158, 2.8303782959232158, 2.6406162244864589e-16]
[2.7585311884829449, 2.7585311884829449, 2.3904897237023884e-16]
[2.6834642858912097, 2.6834642858912097, -3.1154163404507592e-16]
[2.6087047460120671, -2.6087047460120671, 1.9215827894058289e-16]
[2.5326158307779232, -2.5326158307779232, 2.5427826327975256e-17]
[2.4539045190214175, -2.4539045190214175, -1.5184840549120912e-16]
[2.3747980814140841, 2.3747980814140841, 1.8510637560307568e-16]
[2.2934437316200125, 2.2934437316200125, -1.0575255826349147e-16]
[2.2096238776806039, 2.2096238776806039, 6.0572126997803572e-16]
[2.1276003547850726, -2.1276003547850726, -3.207164750955063e-17]
[2.0432243559104455, -2.0432243559104455, 1.0992057293901382e-16]
[1.9567001413003808, 1.9567001413003808, -1.6276485146745974e-17]
[1.869937857895321, 1.869937857895321, -4.2817304663109565e-16]
[1.7811750546100571, 1.7811750546100571, 3.5181013273469762e-16]
[1.691309567877938, -1.691309567877938, 4.7117305816445147e-17]
[1.6014893319374939, -1.6014893319374939, -1.8875834569443838e-16]
[1.5095249580351748, -1.5095249580351748, -1.7055172817394228e-16]
[1.4165637989506947, 1.4165637989506947, -2.1120079420025672e-17]
[1.3236628378007043, 1.3236628378007043, 8.6673994790749339e-17]
[1.2294175134293326, 1.2294175134293326, 3.015496231616209e-16]
[1.1341448903689719, -1.1341448903689719, -1.5104736550947778e-17]
[1.0377282709872029, 1.0377282709872029, 7.4472908629763563e-19]
[0.94068093905238248, 0.94068093905238248, 4.4695430565737624e-16]
[0.84388760998605417, -0.84388760998605417, -5.1709646751838332e-16]
[0.74602445365246683, -0.74602445365246683, 2.4080844684661841e-16]
[0.64694139765789715, 0.64694139765789715, -6.1882896679625534e-16]
[0.5492160388081857, -0.5492160388081857, 1.0239083529865413e-17]
[0.45064675678208971, 0.45064675678208971, -1.3214072701860876e-16]
[0.3528320233702944, 0.3528320233702944, -6.9790970403844856e-16]
[0.25572456967837631, -0.25572456967837631, 3.097408167437675e-16]
[0.16217846498746505, 0.16217846498746505, -2.1979700972101036e-17]
[0.07603819078282581, 0.07603819078282581, -4.0218026916869891e-17]
[0.10994601257148562, -0.10994601257148562, 5.9758572031853976e-16]
[0.20123514343835561, -0.20123514343835561, 3.2344858162019484e-16]
[0.29782477195706614, -0.29782477195706614, 8.2519422342066411e-16]
[0.39797356766896885, -0.39797356766896885, -9.862704254971043e-17]
[0.49916728176607778, -0.49916728176607778, -3.8483194344637925e-16]
[0.60120707862538658, -0.60120707862538658, -5.2026335990124988e-16]
[0.70390192555654019, -0.70390192555654019, -1.0045513321163541e-15]
[0.8070683212182409, -0.8070683212182409, 1.2326716623682021e-15]
[0.91052999576548088, -0.91052999576548088, -2.5406539829062913e-16]
[1.0141175925449513, -1.0141175925449513, 8.0312716045095718e-16]
[1.1176683395155274, -1.1176683395155274, -4.0124436248501637e-16]
[1.2210257171146313, -1.2210257171146313, 2.3631773748734972e-19]
[1.324039127994221, -1.324039127994221, -2.95469137525024e-16]
[1.4265635729315786, -1.4265635729315786, 7.6448377908244379e-16]
[1.52977250112153, 1.52977250112153, -2.9179972770894838e-16]
[1.6317831219371417, 1.6317831219371417, -5.0979379592639264e-16]
[1.7313205642872891, 1.7313205642872891, 3.8279355200995098e-16]
[1.8342225586480949, -1.8342225586480949, -6.9767537660078029e-16]
[1.9371462326661195, 1.9371462326661195, 8.8688090106049558e-17]
[2.0379699385492507, -2.0379699385492507, -1.1651290043576422e-15]
[2.1383963076919823, -2.1383963076919823, -2.5467679442355534e-16]
[2.2376930352601265, -2.2376930352601265, -8.3139466775976917e-16]
[2.3359806964530172, 2.3359806964530172, 6.0109617718303711e-16]
[2.4343841168099338, 2.4343841168099338, -6.7710921297556284e-16]
[2.5293361996565928, 2.5293361996565928, -1.8557409801966917e-16]
[2.6237020752805984, 2.6237020752805984, 2.483993924656111e-16]
[2.7230701626810041, 2.7230701626810041, 3.0849176854228246e-16]
[2.8189043893590284, 2.8189043893590284, 1.5856251239562295e-16]
[2.9127003120586132, -2.9127003120586132, -1.16119143181482e-16]
[3.0058459535010944, -3.0058459535010944, 3.3836514920318333e-16]
[3.0972056104769581, -3.0972056104769581, -4.2771895496317164e-17]
[3.1880683957176181, 3.1880683957176181, -1.0822367382511753e-16]
[3.2763048299354676, 3.2763048299354676, 1.1512343131569289e-16]
[3.3596471591304193, 3.3596471591304193, 8.2970200292372333e-17]
[3.4498989991259532, 3.4498989991259532, 1.078861521754593e-15]
[3.5389084153717474, 3.5389084153717474, 6.0584681882473634e-16]
[3.6229250974264287, 3.6229250974264287, 1.2781183019684342e-16]
[3.7069366424118773, -3.7069366424118773, -5.9795488925248688e-18]
[3.7890330126014322, -3.7890330126014322, 4.2172066147012305e-17]
[3.8687739967457011, -3.8687739967457011, -1.1836165782260192e-15]
[3.94775547915197, 3.94775547915197, 2.5115355685747326e-18]
[4.021054200155576, 4.021054200155576, -8.1559202095606228e-16]
[4.0944435236921981, 4.0944435236921981, -5.0727717298571699e-16]
[4.1742277138597705, 4.1742277138597705, 1.0672937506131833e-16]
[4.2480023146180512, 4.2480023146180512, -3.2704648589742503e-16]
[4.3175508582728277, -4.3175508582728277, -9.2178353683911392e-17]
[4.3879701631502623, -4.3879701631502623, 1.0954076934938555e-15]
[4.4556061716638249, -4.4556061716638249, -1.0025909706908419e-16]
[4.5209536192726061, 4.5209536192726061, -3.5632527089573438e-16]
[4.5822137384565602, -4.5822137384565602, 9.9359064410723479e-16]
[4.6410326720557302, -4.6410326720557302, 1.7063504036204416e-15]
[4.7028795077201417, 4.7028795077201417, -1.825026258502209e-15]
[4.7639750154124183, 4.7639750154124183, 5.4814493933478118e-16]
[4.8177983472429924, 4.8177983472429924, 4.3566560618485514e-17]
[4.8716543587690504, -4.8716543587690504, 1.712521517953869e-16]
[4.9248969033206746, -4.9248969033206746, -3.2884874529200001e-16]
[4.97489008448317, -4.97489008448317, 2.5019348473684576e-16]
[5.0215644305287821, -5.0215644305287821, -9.1626047391709002e-17]
[5.0648523105185657, -5.0648523105185657, 2.0552866475535516e-17]
[5.1046879485230567, -5.1046879485230567, -9.4602310603138349e-17]
[5.1500798276453494, 5.1500798276453494, 5.9341979582931875e-16]
[5.1880860773102473, 5.1880860773102473, -2.7590423164736204e-16]
[5.2191706663330715, -5.2191706663330715, 6.131383472440937e-18]
[5.2557812330008016, -5.2557812330008016, -2.3777130468988194e-16]
[5.288785429654232, -5.288785429654232, 1.799746996549257e-17]
[5.3181217345701342, -5.3181217345701342, -1.3086052722195471e-16]
[5.3437305998643083, -5.3437305998643083, 2.1809047510811085e-16]
[5.3655544934747521, -5.3655544934747521, -1.4992395569112469e-16]
[5.3868531678517897, 5.3868531678517897, 6.899860836759664e-16]
[5.4069757311431337, 5.4069757311431337, 1.5919182146862986e-16]
[5.4184348089992191, 5.4184348089992191, 1.46051424569557e-16]
[5.4294242299383981, -5.4294242299383981, 2.1903075869103151e-16]
[5.4435584201635905, 5.4435584201635905, 2.7948603270598727e-16]
[5.4540374681667583, 5.4540374681667583, -1.4696041244671139e-16]
[5.4589607150268833, -5.4589607150268833, 3.3275976122067296e-16]
[5.4607044614233198, -5.4607044614233198, 1.0190655076907785e-15]
[5.4583193178197771, -5.4583193178197771, 2.3482603125590732e-16]
[5.4567355906983588, 5.4567355906983588, 4.6019291521662343e-16]
[5.4482338211162977, 5.4482338211162977, -2.4131386970939583e-16]
[5.4309070642862007, 5.4309070642862007, -9.7211554599101859e-17]
[5.4231940206313753, 5.4231940206313753, -2.0645941808063305e-16]
[5.4131444467871317, 5.4131444467871317, 4.3345041761497204e-16]
[5.3944002898689432, -5.3944002898689432, -6.6023778687704814e-16]
[5.3740737330668864, -5.3740737330668864, -3.8441186700168774e-17]
[5.3493749919749503, -5.3493749919749503, -7.6410683676557684e-17]
[5.3214821124958762, 5.3214821124958762, 2.714587987425853e-16]
[5.2916619232572728, 5.2916619232572728, 5.2839821116425417e-16]
[5.2530820083844949, 5.2530820083844949, 2.3401342782277802e-16]
[5.2121566885358543, 5.2121566885358543, 2.16690213452582e-16]
[5.1801326875159424, 5.1801326875159424, -2.9858099293651562e-16]
[5.1392153010058124, 5.1392153010058124, 1.1078165153215071e-16]
[5.0925516305426228, -5.0925516305426228, -5.6981686769673957e-16]
[5.0437540535754097, -5.0437540535754097, -5.6152123869203142e-17]
[4.9903914996217402, -4.9903914996217402, -2.0307525369671497e-16]
[4.935400269221379, 4.935400269221379, 6.4198189576500317e-16]
[4.8746094094325398, 4.8746094094325398, -1.0159125672555514e-16]
[4.8056147748919615, 4.8056147748919615, 1.9539275403465612e-16]
[4.7429318603350223, 4.7429318603350223, 2.2938600483769852e-16]
[4.6790515797521426, 4.6790515797521426, -1.0962872845235654e-16]
[4.6068355704384709, 4.6068355704384709, -3.5919667101285185e-16]
[4.5318054515892339, -4.5318054515892339, 2.6070436753678569e-17]
[4.4527873773358726, -4.4527873773358726, 9.4359348327329807e-19]
[4.3692934233218761, 4.3692934233218761, -2.1532583354815451e-16]
[4.2854488911805824, 4.2854488911805824, 1.2700402141597997e-16]
[4.1938491194817002, 4.1938491194817002, 1.0088650940540763e-18]
[4.0966732292881849, -4.0966732292881849, -3.3542768361723662e-16]
[4.0056176209089012, 4.0056176209089012, 4.1924469021426959e-16]
[3.909941265753853, 3.909941265753853, 1.6652794896879424e-17]
[3.8075760556136125, -3.8075760556136125, -5.6337233858323194e-16]
[3.7020834326223095, -3.7020834326223095, 9.2204626403573141e-17]
[3.5921280354559273, -3.5921280354559273, 6.7218246338797483e-16]
[3.4802734483752751, 3.4802734483752751, 8.9017299327013619e-16]
[3.3653308118906122, 3.3653308118906122, 1.1969590802628744e-16]
[3.2435834584392826, 3.2435834584392826, -5.6675929817124746e-16]
[3.1206855153351172, -3.1206855153351172, 4.0700094065397652e-16]
[2.99735894269089, -2.99735894269089, 8.4860393259553185e-17]
[2.8700988821675257, 2.8700988821675257, 1.1587509948140549e-16]
[2.7379535072964707, -2.7379535072964707, 3.7282580233150622e-16]
[2.6021279260242651, -2.6021279260242651, -8.4473359706549124e-17]
[2.4624175120762404, -2.4624175120762404, -3.504746952063917e-16]
[2.3224284856208759, 2.3224284856208759, 9.3040876649117065e-16]
[2.1770818016680495, 2.1770818016680495, 1.223911982796197e-16]
[2.0259485571426881, 2.0259485571426881, -1.5422444072058779e-16]
[1.8764428194419769, -1.8764428194419769, -5.6997787015096513e-16]
[1.7247202218328994, 1.7247202218328994, -1.9480576270347791e-17]
[1.5673988083363264, -1.5673988083363264, 9.8421405938891554e-16]
[1.4080175593731752, -1.4080175593731752, 1.7224016599943151e-16]
[1.2457445908953833, -1.2457445908953833, -3.981435625301967e-16]
[1.0808748909144972, -1.0808748909144972, 3.2538740100910945e-17]
[0.91373285834781692, -0.91373285834781692, -2.5002699484403558e-16]
[0.74467400142718176, -0.74467400142718176, 2.6569268764176939e-16]
[0.5740865550107801, -0.5740865550107801, 3.9025997039892007e-16]
[0.40495752037103971, 0.40495752037103971, 2.8147762974514584e-16]
[0.23855761214105073, -0.23855761214105073, 1.6316276500879098e-16]
[0.29217582683215237, 0.29217582683215237, 1.2966494337637181e-15]
[0.41038670141587252, 0.41038670141587252, 3.0455450154798108e-16]
[0.54652990232130971, 0.54652990232130971, 4.3085095169724239e-16]
[0.69985507814596126, 0.69985507814596126, -3.5786932685221416e-16]
[0.86819993714914989, 0.86819993714914989, 6.9221734920851743e-16]
[1.0474126706868707, -1.0474126706868707, -4.7196424615011761e-17]
[1.2380820720095878, 1.2380820720095878, -3.4428638746130226e-16]
[1.4335115061809096, -1.4335115061809096, 4.3859275242648136e-16]
[1.6332832970653368, 1.6332832970653368, -2.0601450943358315e-16]
[1.8387250769403041, -1.8387250769403041, -3.4092588278210421e-16]
[2.0475015620190877, -2.0475015620190877, -1.1177540473228306e-15]
[2.2567352305406385, 2.2567352305406385, -4.6412495698469854e-16]
[2.4722312473217958, -2.4722312473217958, -3.4941390745858449e-17]
[2.6905144240117638, -2.6905144240117638, 9.3710801679942517e-16]
[2.9096185572597228, 2.9096185572597228, -9.9303217652116116e-16]
[3.1319991036640045, 3.1319991036640045, -4.8248108344383254e-16]
[3.3559908622400774, 3.3559908622400774, 3.7524355927822615e-16]
[3.5821384948982038, -3.5821384948982038, 2.1399751545505109e-16]
[3.8108187134347995, -3.8108187134347995, -5.6402427890956651e-16]
[4.0392604412770234, -4.0392604412770234, 5.5885659274003232e-16]
[4.2712923558620757, 4.2712923558620757, 1.5124827070317423e-16]
[4.5078877183212329, 4.5078877183212329, 2.1892524620617998e-17]
[4.7444919838008213, 4.7444919838008213, 2.934561450562264e-16]
[4.9824490806792321, -4.9824490806792321, -6.2949033461572047e-17]
[5.2210535828480911, -5.2210535828480911, -7.575008950406501e-17]
[5.4588256368210804, -5.4588256368210804, 9.7355386831127985e-16]
[5.703837048937654, 5.703837048937654, 4.9034538826713894e-16]
[5.9502336449505036, 5.9502336449505036, 1.2499309574429561e-15]
[6.1945598865602394, 6.1945598865602394, 2.7986272374318141e-16]
[6.4427952614167658, -6.4427952614167658, -4.7697599672876614e-16]
[6.690648755641238, -6.690648755641238, 1.0616307369869038e-16]
[6.9373725320538489, 6.9373725320538489, 4.1637703021183421e-16]
[7.1913458010464675, 7.1913458010464675, -7.6908063273516984e-16]
[7.4416007641273545, 7.4416007641273545, 8.5657824581144323e-17]
[7.689748030453095, -7.689748030453095, 4.9328078709855749e-17]
[7.9479753678040606, -7.9479753678040606, -7.2948337219197342e-17]
[8.2045688310841385, -8.2045688310841385, 9.9342658019929193e-17]
[8.4601728358257038, 8.4601728358257038, -1.8479194252642814e-15]
[8.7134174997285072, 8.7134174997285072, -1.4537050922645392e-15]
[8.9623439952671529, -8.9623439952671529, 1.0330337150222639e-15]
[9.2206659038963359, 9.2206659038963359, 6.3284819011171419e-16]
[9.487785918321288, 9.487785918321288, -4.2987400459095328e-16]
[9.7482911950861233, 9.7482911950861233, 3.1869909133470921e-16]
[10.007467898175468, -10.007467898175468, -3.4281431517268047e-16]
[10.267580387158931, -10.267580387158931, -2.815912768878197e-16]
[10.524964209938467, -10.524964209938467, -1.2227829968296828e-15]
[10.787967584332369, 10.787967584332369, 8.5946396382012583e-16]
[11.046530459260234, 11.046530459260234, -1.03228428031596e-15]
[11.295221279600565, 11.295221279600565, -4.014630300701544e-16]
[11.560988230880913, -11.560988230880913, 2.2486245952166489e-16]
[11.828633722097278, 11.828633722097278, 6.1618302500367006e-17]
[12.092397375031659, 12.092397375031659, 2.4779725933062451e-16]
[12.353156103989601, -12.353156103989601, 2.1176621083467324e-16]
[12.610373108433215, -12.610373108433215, 3.7082151725578084e-16]
[12.866497731901012, 12.866497731901012, 5.3464413849855008e-16]
[13.134912760903887, 13.134912760903887, 6.8795677892183464e-16]
[13.391032905594789, 13.391032905594789, 1.6594003815694044e-16]
[13.641926263718213, -13.641926263718213, -4.5173485070137244e-16]
[13.908753211209227, -13.908753211209227, -3.324818888913578e-16]
[14.171632569377474, -14.171632569377474, -4.303646999385002e-16]
[14.430348781121687, -14.430348781121687, -1.4795744169081201e-16]
[14.684684261089156, -14.684684261089156, -4.757926424747676e-16]
[14.934419137380791, -14.934419137380791, -1.2205920206034175e-15]
[15.194552778716623, 15.194552778716623, 5.9415743313756354e-16]
[15.455748684217234, 15.455748684217234, -6.9240031436260412e-17]
[15.701105587911821, 15.701105587911821, 4.2571808362950681e-16]
[15.954486002380248, -15.954486002380248, 1.0706762254422721e-16]
[16.213356336648054, -16.213356336648054, -7.5075142680076825e-16]
[16.467242356283755, -16.467242356283755, 7.7567347031310501e-16]
[16.715915802414866, -16.715915802414866, 3.7702435412776268e-16]
[16.959144846647877, -16.959144846647877, 9.445937349038648e-17]
[17.196693811533677, -17.196693811533677, -4.527582401742228e-16]
[17.458349110655089, 17.458349110655089, -1.971676611628131e-16]
[17.704110700292748, 17.704110700292748, 7.5664661107667385e-16]
[17.933722338099635, -17.933722338099635, 8.7513561914835509e-16]
[18.185654477517485, -18.185654477517485, 1.4878781233967344e-16]
[18.431750669370857, -18.431750669370857, -2.8472544037425028e-16]
[18.671766415925251, -18.671766415925251, 1.020715477465085e-16]
[18.905452207604174, -18.905452207604174, -5.572376716860323e-16]
[19.132553190013482, -19.132553190013482, 5.2787442705236889e-16]
[19.366884381437167, 19.366884381437167, 1.6424013728344477e-16]
[19.611250515788576, 19.611250515788576, 5.5624281939931696e-16]
[19.834472649403242, 19.834472649403242, 5.3856615418891333e-16]
[20.057577263322091, -20.057577263322091, -8.5277920493540262e-16]
[20.292588646262352, -20.292588646262352, -1.1352110670801177e-16]
[20.520588128315143, -20.520588128315143, -5.3749338038594425e-16]
[20.741301693056169, -20.741301693056169, -5.0396118333705497e-16]
[20.954448138805436, -20.954448138805436, -1.4982876445048044e-16]
[21.159738644102294, -21.159738644102294, -8.414192314184039e-17]
[21.38953278466235, 21.38953278466235, 4.8663023291537094e-17]
[21.608406720333967, 21.608406720333967, 3.9648684116336171e-16]
[21.804000402298037, 21.804000402298037, 1.8543542034847674e-16]
[22.020015252616005, -22.020015252616005, -2.4328211919909594e-16]
[22.232117794497402, -22.232117794497402, -3.4020326742172376e-17]
[22.436026672024223, 22.436026672024223, 1.4467543469547393e-16]
[22.630959051319959, -22.630959051319959, 2.2056836816308396e-16]
[22.817054180475296, -22.817054180475296, 2.5743668929314923e-16]
[23.003431557634144, 23.003431557634144, -1.7010649242791193e-16]
[23.217951191189432, 23.217951191189432, -5.6480518960152274e-17]
[23.407930859408921, 23.407930859408921, 3.9389184494127139e-17]
[23.585984578216376, -23.585984578216376, 2.2907283787917203e-16]
[23.777600332512147, -23.777600332512147, 1.2848555060560512e-16]
[23.959648255802989, -23.959648255802989, -1.0043100437307471e-17]
[24.13680525012327, 24.13680525012327, 3.972503692600246e-18]
[24.299460796461165, 24.299460796461165, 3.4556832045737289e-16]
[24.444675633159015, -24.444675633159015, -9.4972063383412606e-17]
[24.624404364443453, 24.624404364443453, 3.338913442465547e-16]
[24.810088945533622, 24.810088945533622, 2.250652266815327e-16]
[24.97049243486456, 24.97049243486456, -8.7956076400496253e-17]
[25.129070924594011, -25.129070924594011, 2.9357829006510202e-16]
[25.283660263590335, -25.283660263590335, 2.0894394822015874e-16]
[25.426816680405008, -25.426816680405008, -4.7956166195982793e-16]
[25.580849427810829, 25.580849427810829, 2.3252700178788654e-16]
[25.71449916730311, 25.71449916730311, 1.2722934649998131e-16]
[25.823460025462211, 25.823460025462211, 2.6357848804160883e-16]
[25.979895861432411, -25.979895861432411, 1.2183057217728438e-17]
[26.124947782506386, -26.124947782506386, -1.8998875112837866e-16]
[26.257744730639761, -26.257744730639761, 1.5797805820335882e-16]
[26.377799151912942, -26.377799151912942, -2.4857193819295796e-16]
[26.484603553817312, -26.484603553817312, -4.6171763406291733e-16]
[26.593909632117512, 26.593909632117512, 1.5157178383126556e-16]
[26.726643967177065, 26.726643967177065, -2.0455481165514076e-17]
[26.834594988717573, 26.834594988717573, -4.746718141660732e-16]
[26.934141854387327, -26.934141854387327, -1.8935549502970365e-17]
[27.04003675982263, -27.04003675982263, 5.9580721021346411e-16]
[27.131647598507442, -27.131647598507442, -1.5132839525765635e-16]
[27.224727435083228, 27.224727435083228, 7.5021344704628587e-17]
[27.309692070821015, 27.309692070821015, -2.2827662736322478e-16]
[27.371300021083631, 27.371300021083631, -1.973501285238478e-16]
[27.454709578016384, -27.454709578016384, -6.9202770394381176e-17]
[27.543076570030554, -27.543076570030554, -5.6728348078673516e-17]
[27.615984647359312, -27.615984647359312, 7.4486348712479946e-17]
[27.678215513866522, 27.678215513866522, 2.6379905001156183e-16]
[27.719794297670532, 27.719794297670532, -2.6896332987814168e-16]
[27.739668849612634, 27.739668849612634, 2.3833712449972913e-16]
[27.822224065315424, 27.822224065315424, 3.2397487815400188e-17]
[27.89008851541228, 27.89008851541228, -2.4139878479315264e-16]
[27.93618316764351, -27.93618316764351, 3.1563328542935028e-16]
[27.968941991977015, -27.968941991977015, -9.0082500040759082e-17]
[27.983494216425186, -27.983494216425186, -1.443858277084492e-16]
[27.996334068941167, 27.996334068941167, 4.7678191796175389e-16]
[28.047126028249622, 28.047126028249622, -3.9975138201805242e-16]
[28.076442483722577, 28.076442483722577, 2.5129656029466595e-17]
[28.090545092994063, -28.090545092994063, 5.7318360574811695e-17]
[28.094710347298481, -28.094710347298481, 7.820735891426723e-17]
[28.079084188315463, -28.079084188315463, 3.6962969016153959e-16]
[28.07908418831537, 28.07908418831537, -2.1815110563103153e-16]
[28.09471034729868, 28.09471034729868, 1.3393742439056335e-16]
[28.090545092994162, 28.090545092994162, 8.2825148687968963e-17]
[28.076442483722751, -28.076442483722751, -1.1920248056587003e-16]
[28.047126028249686, -28.047126028249686, -2.3983939297511271e-16]
[27.996334068941209, -27.996334068941209, 5.4930552754483852e-17]
[27.983494216425186, 27.983494216425186, 2.7312921232106678e-16]
[27.968941991976966, 27.968941991976966, -8.4922732833203032e-16]
[27.936183167643474, 27.936183167643474, -1.9417481594438513e-16]
[27.890088515412248, -27.890088515412248, -3.8104467097979352e-16]
[27.8222240653154, -27.8222240653154, 6.8355036617678155e-17]
[27.739668849612535, -27.739668849612535, -3.0727748369073472e-17]
[27.719794297670489, -27.719794297670489, 1.4032406500228882e-16]
[27.678215513866576, -27.678215513866576, 7.0910256424444441e-17]
[27.615984647359337, 27.615984647359337, -2.1801268579002832e-16]
[27.543076570030504, 27.543076570030504, -2.6518705503800738e-16]
[27.454709578016516, 27.454709578016516, 1.5512237362453659e-16]
[27.371300021083687, -27.371300021083687, 1.291486091839652e-16]
[27.309692070820986, -27.309692070820986, -1.3210571098507075e-16]
[27.224727435083107, -27.224727435083107, -3.501455080816727e-16]
[27.13164759850741, 27.13164759850741, 5.3035509225450175e-16]
[27.040036759822733, 27.040036759822733, -4.5076955399842266e-16]
[26.934141854387271, 26.934141854387271, 3.2661360348010193e-16]
[26.834594988717466, -26.834594988717466, -2.1430379878777032e-16]
[26.726643967177175, -26.726643967177175, 3.0757846714135619e-17]
[26.593909632117427, -26.593909632117427, 3.0508911272235648e-16]
[26.484603553817394, 26.484603553817394, -2.8555901906895774e-16]
[26.377799151912974, 26.377799151912974, 1.2644277101778554e-16]
[26.257744730639835, 26.257744730639835, 9.9816510466812681e-17]
[26.124947782506261, 26.124947782506261, 1.6195737776856691e-16]
[25.979895861432425, 25.979895861432425, 7.2656440495193166e-17]
[25.823460025462168, -25.823460025462168, -2.2903179032944406e-16]
[25.714499167303082, -25.714499167303082, -1.4288507502018563e-16]
[25.5808494278109, -25.5808494278109, 1.7553853872113522e-16]
[25.426816680405015, 25.426816680405015, -2.3984462910576979e-17]
[25.283660263590278, 25.283660263590278, -3.8023919472533317e-16]
[25.129070924594103, 25.129070924594103, -2.3966609935422902e-16]
[24.970492434864607, -24.970492434864607, -1.4842325325141499e-16]
[24.810088945533476, -24.810088945533476, -2.2314668354991716e-16]
[24.6244043644435, -24.6244043644435, -1.4279735605354056e-16]
[24.444675633158987, 24.444675633158987, 4.5740940905625048e-16]
[24.299460796461268, -24.299460796461268, 4.56887101439706e-16]
[24.136805250123242, -24.136805250123242, -5.4979025656871209e-16]
[23.959648255802957, 23.959648255802957, 3.4554750280108392e-16]
[23.777600332512144, 23.777600332512144, 1.9943101491176919e-16]
[23.585984578216358, 23.585984578216358, 1.4329971499521961e-16]
[23.407930859408918, -23.407930859408918, -7.6793379084153696e-17]
[23.217951191189329, -23.217951191189329, -2.2963479967522584e-16]
[23.003431557634215, -23.003431557634215, -9.5974503047153708e-18]
[22.817054180475399, 22.817054180475399, -3.026148963135288e-16]
[22.630959051319966, 22.630959051319966, 9.20746257857154e-17]
[22.436026672024116, -22.436026672024116, -1.5265433783857425e-16]
[22.232117794497327, 22.232117794497327, -2.5421754470231285e-16]
[22.020015252616183, 22.020015252616183, -9.7188028026035691e-16]
[21.804000402297756, -21.804000402297756, 1.985904362812745e-16]
[21.608406720333964, -21.608406720333964, -3.8664579287063737e-17]
[21.389532784662471, -21.389532784662471, 1.9140944362222247e-16]
[21.159738644102198, 21.159738644102198, -3.373264512735759e-16]
[20.954448138805283, 20.954448138805283, 4.2126530186106645e-16]
[20.741301693056183, 20.741301693056183, -3.7684692953900682e-17]
[20.520588128315225, 20.520588128315225, -7.9920925232384439e-17]
[20.292588646262217, 20.292588646262217, -3.1814450445468309e-16]
[20.05757726332218, 20.05757726332218, -2.4215444050680225e-16]
[19.834472649403228, -19.834472649403228, 2.501271194299313e-16]
[19.611250515788484, -19.611250515788484, 2.8061558403207431e-17]
[19.366884381437476, -19.366884381437476, 8.7257630425203142e-16]
[19.132553190013216, 19.132553190013216, 1.4403356848231385e-16]
[18.905452207604139, 18.905452207604139, -3.3508837700389917e-16]
[18.671766415925241, 18.671766415925241, 5.4818294957776933e-16]
[18.431750669370871, 18.431750669370871, 6.3179037742379376e-16]
[18.185654477517247, 18.185654477517247, -2.9301334663220014e-16]
[17.933722338099958, 17.933722338099958, 5.8749708281762115e-16]
[17.70411070029251, -17.70411070029251, 1.1877542980356632e-15]
[17.458349110654495, -17.458349110654495, -2.3227267654200449e-16]
[17.196693811533816, 17.196693811533816, 2.6662707538203508e-17]
[16.959144846647881, 16.959144846647881, 1.5800379193333292e-16]
[16.715915802414649, 16.715915802414649, -3.486107214815878e-16]
[16.467242356283563, 16.467242356283563, -7.2952698752307851e-16]
[16.213356336648058, 16.213356336648058, -4.7209843815577623e-16]
[15.954486002380493, 15.954486002380493, 3.2798050833485659e-16]
[15.70110558791294, -15.70110558791294, -3.2504879163636583e-16]
[15.455748684217578, -15.455748684217578, 5.2636609171470231e-16]
[15.194552778716488, -15.194552778716488, -1.0803376688244447e-15]
[14.934419137380983, 14.934419137380983, -3.5912397268541197e-16]
[14.684684261089247, 14.684684261089247, 1.2711238661396861e-16]
[14.430348781121708, 14.430348781121708, 7.1415731778791315e-17]
[14.171632569377683, 14.171632569377683, -6.0361755420059805e-17]
[13.90875321120941, 13.90875321120941, -6.1521679230471398e-16]
[13.641926263718258, 13.641926263718258, -2.4851978634425111e-16]
[13.391032905594972, -13.391032905594972, -6.2808830317622737e-16]
[13.134912760903999, -13.134912760903999, 5.8780074702763388e-17]
[12.866497731901095, -12.866497731901095, -2.45402062728898e-18]
[12.61037310843319, 12.61037310843319, 3.6564811782650759e-16]
[12.353156103989896, 12.353156103989896, -6.7310213967182641e-16]
[12.092397375031707, -12.092397375031707, 9.6552270251295533e-16]
[11.828633722097448, -11.828633722097448, -1.1986488232375261e-15]
[11.560988230881163, 11.560988230881163, 4.7452317686416055e-16]
[11.295221279600675, -11.295221279600675, 2.3745875157598626e-16]
[11.046530459260469, -11.046530459260469, -4.3941765833787143e-16]
[10.787967584332357, -10.787967584332357, -6.6940668771566961e-16]
[10.524964209938517, 10.524964209938517, -9.7258650177711563e-17]
[10.267580387159088, 10.267580387159088, 4.9441252491932992e-16]
[10.007467898175648, 10.007467898175648, 1.5043420984923613e-16]
[9.7482911950860025, -9.7482911950860025, 1.7644806902359729e-16]
[9.4877859183213396, -9.4877859183213396, -2.1099578820621453e-16]
[9.2206659038961867, -9.2206659038961867, 1.5821265058754861e-16]
[8.9623439952671848, 8.9623439952671848, -2.3491698930014521e-16]
[8.7134174997285054, -8.7134174997285054, -1.5507279076679557e-16]
[8.460172835825631, -8.460172835825631, -8.630511929063865e-16]
[8.2045688310841349, 8.2045688310841349, 9.0444988549169558e-17]
[7.9479753678039797, 7.9479753678039797, 2.0951126259679503e-16]
[7.6897480304530683, 7.6897480304530683, 1.73753124489877e-16]
[7.4416007641272559, -7.4416007641272559, -6.6717472093130445e-18]
[7.1913458010463378, -7.1913458010463378, -5.3582362732011805e-16]
[6.9373725320536757, -6.9373725320536757, -9.1449715175201638e-16]
[6.6906487556412326, 6.6906487556412326, 3.8861647979574679e-16]
[6.4427952614167028, 6.4427952614167028, -8.6784121624974335e-18]
[6.1945598865602181, -6.1945598865602181, 7.8827703088945874e-17]
[5.9502336449506483, -5.9502336449506483, 7.1099810357408359e-16]
[5.7038370489379187, -5.7038370489379187, -4.1891037585828448e-16]
[5.4588256368209338, 5.4588256368209338, -1.0256189871551748e-15]
[5.2210535828478815, 5.2210535828478815, 1.366530149096784e-16]
[4.982449080679312, 4.982449080679312, 4.9518688796279347e-16]
[4.7444919838008381, -4.7444919838008381, 6.156665976895206e-16]
[4.507887718321113, -4.507887718321113, -8.9081100146672868e-16]
[4.2712923558621716, -4.2712923558621716, 2.4112357337686219e-16]
[4.0392604412773379, 4.0392604412773379, -7.5650480758267308e-17]
[3.8108187134352676, 3.8108187134352676, -1.5917567166388667e-16]
[3.5821384948980812, 3.5821384948980812, 1.037581748140564e-15]
[3.3559908622403394, -3.3559908622403394, 8.2172549125312208e-16]
[3.1319991036641937, -3.1319991036641937, -8.7512887346672625e-16]
[2.9096185572596163, -2.9096185572596163, -3.5743981316458921e-16]
[2.690514424012052, 2.690514424012052, 2.7517278283938205e-16]
[2.4722312473221861, 2.4722312473221861, -6.7748435518238239e-16]
[2.2567352305412975, -2.2567352305412975, -3.3389031430009191e-17]
[2.0475015620194128, 2.0475015620194128, -9.2856399338059975e-17]
[1.83872507694013, 1.83872507694013, -2.0375719211267015e-16]
[1.633283297065788, -1.633283297065788, 4.5022664764225917e-16]
[1.4335115061805015, 1.4335115061805015, 5.9684662842850915e-16]
[1.2380820720096912, -1.2380820720096912, -4.8963170144360394e-16]
[1.0474126706869635, 1.0474126706869635, 1.6262093799649246e-16]
[0.86819993714924015, -0.86819993714924015, -7.2606061491941657e-16]
[0.69985507814604242, -0.69985507814604242, -4.4110955126802125e-16]
[0.54652990232130949, -0.54652990232130949, 3.5784266306408448e-16]
[0.4103867014158839, -0.4103867014158839, 6.3031403732317234e-16]
[0.29217582683213633, -0.29217582683213633, 5.6361977043699336e-16]
[0.23855761214091503, 0.23855761214091503, -4.2995987278381728e-16]
[0.40495752037096827, -0.40495752037096827, 2.1740401068535635e-16]
[0.57408655501065964, 0.57408655501065964, 8.6846061739694223e-17]
[0.74467400142709861, 0.74467400142709861, 1.1031310127563907e-16]
[0.9137328583477563, 0.9137328583477563, -1.4526365182592445e-16]
[1.0808748909144379, 1.0808748909144379, -8.1955875687313412e-17]
[1.2457445908955824, 1.2457445908955824, -1.5144317098474771e-16]
[1.4080175593731787, 1.4080175593731787, -5.7828838826136099e-16]
[1.5673988083362935, 1.5673988083362935, -3.4649422871899635e-16]
[1.7247202218328879, -1.7247202218328879, -3.0593067352408721e-18]
[1.8764428194419713, 1.8764428194419713, -3.2599187156840729e-16]
[2.0259485571425606, -2.0259485571425606, -1.5648906992005232e-16]
[2.1770818016680651, -2.1770818016680651, -1.4071496724222764e-16]
[2.3224284856209443, -2.3224284856209443, -2.1380348992716182e-16]
[2.4624175120762777, 2.4624175120762777, -1.2756143566921265e-16]
[2.6021279260243602, 2.6021279260243602, -1.5497349262612862e-16]
[2.7379535072964889, 2.7379535072964889, -3.6598674220360982e-16]
[2.8700988821674787, -2.8700988821674787, 2.7805319659486392e-16]
[2.9973589426909455, 2.9973589426909455, 9.9975094927351218e-17]
[3.1206855153349711, 3.1206855153349711, 1.8077005523688447e-16]
[3.2435834584391645, -3.2435834584391645, -2.0319737147403567e-16]
[3.3653308118906193, -3.3653308118906193, -3.4250109660380426e-16]
[3.4802734483752866, -3.4802734483752866, -4.4933616719367902e-16]
[3.5921280354558069, 3.5921280354558069, -1.8272728184674277e-16]
[3.7020834326223295, 3.7020834326223295, -1.2523235608393976e-16]
[3.8075760556133531, 3.8075760556133531, 4.7778537474089421e-17]
[3.9099412657538424, -3.9099412657538424, 3.2620529824372139e-16]
[4.0056176209088061, -4.0056176209088061, -2.6921811666568617e-16]
[4.0966732292880685, 4.0966732292880685, -2.8818628800057133e-16]
[4.1938491194817802, -4.1938491194817802, 2.4069913552068523e-16]
[4.2854488911805291, -4.2854488911805291, 1.4381554251479418e-16]
[4.369293423321932, -4.369293423321932, -4.717596501880575e-16]
[4.4527873773358371, 4.4527873773358371, 2.2470257418445791e-16]
[4.5318054515893094, 4.5318054515893094, 2.3338450770431927e-17]
[4.6068355704386521, -4.6068355704386521, 3.1292081069967783e-16]
[4.6790515797519365, -4.6790515797519365, 3.0758492922107565e-16]
[4.7429318603350756, -4.7429318603350756, -2.3773087483189286e-16]
[4.8056147748920912, -4.8056147748920912, -2.472133354505278e-16]
[4.8746094094326855, -4.8746094094326855, 6.4528640913425822e-16]
[4.9354002692214261, -4.9354002692214261, 2.3208045695462124e-16]
[4.9903914996216319, 4.9903914996216319, -1.2142281905519778e-16]
[5.043754053575233, 5.043754053575233, -3.4991852728755053e-16]
[5.0925516305420864, 5.0925516305420864, 1.8471463275413556e-16]
[5.1392153010052786, -5.1392153010052786, -4.8204063204853108e-16]
[5.1801326875159752, -5.1801326875159752, 3.7865553548631302e-16]
[5.212156688535476, -5.212156688535476, -8.4879070323300115e-17]
[5.2530820083844612, -5.2530820083844612, 4.0205183240000849e-16]
[5.2916619232573989, -5.2916619232573989, 5.0643945529330884e-16]
[5.3214821124952199, -5.3214821124952199, -1.3844211155629294e-18]
[5.349374991975111, 5.349374991975111, 1.8899393018001685e-16]
[5.3740737330670374, 5.3740737330670374, -1.1514683955508007e-16]
[5.3944002898685648, 5.3944002898685648, -2.1557689307601175e-16]
[5.4131444467868963, -5.4131444467868963, 6.106243422004395e-16]
[5.423194020630981, -5.423194020630981, -3.3844389636750923e-16]
[5.4309070642864361, -5.4309070642864361, 2.3822282614379693e-16]
[5.4482338211162684, -5.4482338211162684, 7.1241885749047594e-17]
[5.4567355906981074, -5.4567355906981074, -6.9554607546997473e-17]
[5.4583193178198792, 5.4583193178198792, 1.4532267182694484e-16]
[5.4607044614237461, 5.4607044614237461, 2.8011465394557409e-17]
[5.4589607150269757, 5.4589607150269757, 1.0280008917611483e-16]
[5.4540374681667014, -5.4540374681667014, -2.8467165247666357e-16]
[5.4435584201634848, -5.4435584201634848, -1.7892543527023445e-16]
[5.4294242299385083, 5.4294242299385083, -3.6738133849518533e-16]
[5.4184348089993906, -5.4184348089993906, 4.5657650729767932e-16]
[5.4069757311430857, -5.4069757311430857, -4.3493488305256355e-16]
[5.3868531678518208, -5.3868531678518208, 3.1941373434631363e-16]
[5.3655544934746704, 5.3655544934746704, 2.0231565699683177e-16]
[5.3437305998643065, 5.3437305998643065, 4.8259443894251372e-16]
[5.3181217345700507, 5.3181217345700507, -1.5578930714438004e-16]
[5.2887854296542196, 5.2887854296542196, -1.1002760934068965e-16]
[5.2557812330009579, 5.2557812330009579, 5.0372426212451478e-16]
[5.2191706663328752, 5.2191706663328752, -3.0254939234470787e-16]
[5.1880860773103805, -5.1880860773103805, -4.8022906104999476e-16]
[5.1500798276451514, -5.1500798276451514, 4.7815250797155386e-16]
[5.1046879485230461, 5.1046879485230461, 7.6642275669179646e-17]
[5.0648523105186607, 5.0648523105186607, 5.1001507935835075e-16]
[5.0215644305288691, 5.0215644305288691, 7.3004361098877982e-16]
[4.9748900844830173, 4.9748900844830173, 5.6445251944127454e-16]
[4.9248969033206951, 4.9248969033206951, 1.0269996472297327e-15]
[4.8716543587689767, 4.8716543587689767, -1.4024519095182305e-17]
[4.8177983472429453, -4.8177983472429453, -8.403344638818348e-16]
[4.7639750154125942, -4.7639750154125942, -5.5882391771398351e-16]
[4.7028795077201151, -4.7028795077201151, -5.101525310158699e-17]
[4.6410326720558714, 4.6410326720558714, -1.7033080232305088e-16]
[4.5822137384567982, 4.5822137384567982, 2.6920927071088395e-16]
[4.5209536192722686, -4.5209536192722686, -4.7657139178246515e-16]
[4.4556061716640389, 4.4556061716640389, 3.2519762077625325e-16]
[4.3879701631502916, 4.3879701631502916, -5.9243887133754593e-16]
[4.3175508582728739, 4.3175508582728739, -6.258258415448851e-16]
[4.2480023146182271, -4.2480023146182271, -5.1990054934912618e-16]
[4.1742277138598078, -4.1742277138598078, -5.2086744731539904e-16]
[4.0944435236919565, -4.0944435236919565, -7.4939010237424681e-16]
[4.0210542001560059, -4.0210542001560059, 1.1979353279719595e-15]
[3.9477554791519309, -3.9477554791519309, -7.4860121824778231e-16]
[3.8687739967454449, 3.8687739967454449, -2.4834047842410526e-16]
[3.7890330126011809, 3.7890330126011809, -9.0699656019021305e-17]
[3.7069366424117591, 3.7069366424117591, 6.5812266335344559e-16]
[3.6229250974263865, -3.6229250974263865, 6.3237774948431447e-16]
[3.5389084153716377, -3.5389084153716377, 5.0281993818077973e-16]
[3.4498989991257565, -3.4498989991257565, 1.999240380583671e-16]
[3.3596471591302777, -3.3596471591302777, -1.4154855280611236e-16]
[3.2763048299354747, -3.2763048299354747, -2.7875639809059734e-18]
[3.1880683957175346, -3.1880683957175346, -5.5423181373955657e-16]
[3.0972056104769621, 3.0972056104769621, -5.2826802685396053e-17]
[3.0058459535010051, 3.0058459535010051, 4.1473617863135676e-16]
[2.9127003120587056, 2.9127003120587056, 5.7150403077180078e-16]
[2.8189043893591648, -2.8189043893591648, 3.7140155404008264e-16]
[2.7230701626810059, -2.7230701626810059, -3.7973615016428717e-16]
[2.6237020752805651, -2.6237020752805651, -1.0660457667682903e-15]
[2.5293361996566448, -2.5293361996566448, -4.0897147071232059e-16]
[2.4343841168099671, -2.4343841168099671, -3.9833080724652973e-16]
[2.3359806964530327, -2.3359806964530327, -1.3914211992894364e-16]
[2.2376930352602447, 2.2376930352602447, -2.3259160011002313e-16]
[2.1383963076920551, 2.1383963076920551, -9.7249142067756909e-16]
[2.0379699385494634, 2.0379699385494634, 3.2378241627710163e-16]
[1.937146232666042, -1.937146232666042, 3.8035363329190304e-16]
[1.8342225586481855, 1.8342225586481855, -9.008862238747207e-16]
[1.731320564287343, -1.731320564287343, 1.3487917058774887e-15]
[1.631783121937441, -1.631783121937441, -3.4844119648135528e-16]
[1.529772501121432, -1.529772501121432, 8.7927214207232507e-16]
[1.426563572931576, 1.426563572931576, 1.4628549506995735e-16]
[1.3240391279937322, 1.3240391279937322, -6.859547248564756e-16]
[1.2210257171147132, 1.2210257171147132, -4.8102068493969497e-17]
[1.1176683395157967, 1.1176683395157967, 2.0115624466637949e-16]
[1.0141175925449866, 1.0141175925449866, 4.3853577995457156e-16]
[0.91052999576582205, 0.91052999576582205, 1.0116529553343006e-15]
[0.80706832121809902, 0.80706832121809902, -9.9927967948538052e-17]
[0.70390192555682729, 0.70390192555682729, -4.5447631616211677e-16]
[0.60120707862530998, 0.60120707862530998, 9.0571129009701889e-17]
[0.49916728176596958, 0.49916728176596958, 1.5160571571941294e-15]
[0.39797356766946956, 0.39797356766946956, 9.5814622209950862e-16]
[0.29782477195699558, 0.29782477195699558, -2.2619734364533955e-16]
[0.20123514343824742, 0.20123514343824742, -2.1884617767992206e-16]
[0.10994601257168674, 0.10994601257168674, -7.0555834465691746e-16]
[0.076038190783017559, -0.076038190783017559, -8.2851569348366114e-17]
[0.16217846498728233, -0.16217846498728233, 3.8145947261445789e-16]
[0.25572456967815016, 0.25572456967815016, -6.4799044323271099e-17]
[0.352832023370243, -0.352832023370243, 2.9343821541742596e-16]
[0.45064675678241761, -0.45064675678241761, -3.1844500879044425e-16]
[0.54921603880840053, 0.54921603880840053, -1.942889897731277e-16]
[0.64694139765791825, -0.64694139765791825, 3.7444119090776031e-17]
[0.74602445365282721, 0.74602445365282721, -3.5832436510894034e-16]
[0.84388760998601109, 0.84388760998601109, 6.2258623523324567e-16]
[0.94068093905208305, -0.94068093905208305, -5.9212208590913129e-16]
[1.0377282709872737, -1.0377282709872737, -3.2568365625929641e-16]
[1.1341448903687761, 1.1341448903687761, -1.0724056954203502e-16]
[1.2294175134293808, -1.2294175134293808, -3.2650375122021712e-17]
[1.323662837800631, -1.323662837800631, -2.7578590156106237e-17]
[1.4165637989503197, -1.4165637989503197, -1.2685453761656909e-16]
[1.509524958035293, 1.509524958035293, -1.8833301523495936e-16]
[1.6014893319375867, 1.6014893319375867, -3.6007776529312147e-16]
[1.6913095678778896, 1.6913095678778896, 3.747582113611134e-16]
[1.781175054610024, -1.781175054610024, -1.4963598206514825e-16]
[1.8699378578952974, -1.8699378578952974, -3.1223053475505617e-16]
[1.9567001413004848, -1.9567001413004848, 2.6498945820180827e-16]
[2.043224355910473, 2.043224355910473, -7.9225763959229079e-17]
[2.1276003547850042, 2.1276003547850042, 3.1261273192856121e-16]
[2.2096238776806993, -2.2096238776806993, 2.4720117825141245e-17]
[2.2934437316199308, -2.2934437316199308, -4.6065680623059455e-17]
[2.3747980814138874, -2.3747980814138874, 1.039471097789271e-16]
[2.4539045190214339, 2.4539045190214339, -1.4661116482597185e-16]
[2.5326158307778006, 2.5326158307778006, 2.230993159775726e-16]
[2.6087047460121364, 2.6087047460121364, -2.4272250910095566e-16]
[2.6834642858912234, -2.6834642858912234, 9.0402296633048859e-17]
[2.7585311884831785, -2.7585311884831785, 1.0904805793910812e-15]
[2.8303782959230848, -2.8303782959230848, -2.3040809970688643e-16]
[2.9008614966803132, 2.9008614966803132, 5.7079285604589046e-16]
[2.9710422198236066, 2.9710422198236066, -3.5550839004398977e-16]
[3.0384269816156317, 3.0384269816156317, 2.6466420327626746e-16]
[3.1047640175447406, -3.1047640175447406, -2.0348269799745871e-16]
[3.1689038523878539, -3.1689038523878539, 2.6550782024417262e-17]
[3.229044879727538, -3.229044879727538, 2.2029207082099219e-16]
[3.2910518545192282, 3.2910518545192282, 3.4303338042976327e-17]
[3.3524416264193624, 3.3524416264193624, 2.4762663251478947e-16]
[3.4109220579560331, 3.4109220579560331, -5.685603282847718e-16]
[3.4664663163665907, 3.4664663163665907, -3.8455818234512379e-16]
[3.5190519095709183, 3.5190519095709183, -1.0978462967127124e-16]
[3.5686603371636814, 3.5686603371636814, -2.3044569289622044e-16]
[3.6236406186610304, -3.6236406186610304, 1.6188036336370533e-16]
[3.6743683723409557, -3.6743683723409557, 1.4278301578143139e-16]
[3.7209436866161112, 3.7209436866161112, 5.6785274606024706e-18]
[3.7674928635253764, 3.7674928635253764, -2.4928414969232874e-16]
[3.811040260741096, 3.811040260741096, 4.4601707657578401e-16]
[3.8526941629132714, -3.8526941629132714, -1.8221302850490583e-17]
[3.8935681656973897, -3.8935681656973897, 4.2994820236389797e-16]
[3.9293001554239102, -3.9293001554239102, 2.7858057719991699e-16]
[3.9640636126331015, 3.9640636126331015, 4.2116020766160929e-16]
[4.0017362569874173, 4.0017362569874173, 1.6633886938215252e-16]
[4.0366607692937082, -4.0366607692937082, -1.8442733624906136e-16]
[4.0680374778147224, 4.0680374778147224, -3.237955960352633e-16]
[4.096670246538733, 4.096670246538733, -4.4653609975129609e-16]
[4.1222976351624974, 4.1222976351624974, -5.097012998496833e-17]
[4.149641958595792, -4.149641958595792, 8.2034554519695386e-17]
[4.1744271128417685, -4.1744271128417685, 4.0866706069332722e-16]
[4.1935916658488965, -4.1935916658488965, 2.0979030339763432e-16]
[4.214996588350016, 4.214996588350016, 1.1921947004052626e-16]
[4.2350043416696526, 4.2350043416696526, 1.1222927608076726e-16]
[4.2520369005013405, 4.2520369005013405, 2.5377503752658092e-16]
[4.2661076547584793, 4.2661076547584793, -3.6674791313060826e-17]
[4.2772316390793872, 4.2772316390793872, -9.3940517999883633e-16]
[4.2860457151560016, -4.2860457151560016, 3.5912827151838073e-16]
[4.2996783142072958, -4.2996783142072958, 4.836688813961803e-16]
[4.3075430818331748, -4.3075430818331748, -7.1237974993176077e-16]
[4.3113615440484461, 4.3113615440484461, 1.7341207125300229e-16]
[4.3172152271444002, 4.3172152271444002, 1.5430687353633119e-16]
[4.3201784120800841, 4.3201784120800841, -1.8078348476650734e-16]
[4.3205502327570464, -4.3205502327570464, 1.3732873369355923e-16]
[4.3175199860048652, 4.3175199860048652, 6.5694409165074088e-17]
[4.3119450739703877, 4.3119450739703877, 9.8555236558497912e-17]
[4.3083281496416843, -4.3083281496416843, -1.5478357591732655e-16]
[4.3050707556702026, -4.3050707556702026, -2.3536140488965102e-16]
[4.2960245166331719, -4.2960245166331719, 9.0735047023366332e-16]
[4.2861978172193913, 4.2861978172193913, -7.3161738777257119e-16]
[4.2758140825441826, 4.2758140825441826, -5.9032830007521392e-16]
[4.2626894781546572, 4.2626894781546572, 2.7483352613104187e-16]
[4.2475149896071649, -4.2475149896071649, -2.6797740288879216e-16]
[4.2283360036089501, 4.2283360036089501, -3.603840315195387e-16]
[4.2071692693392899, 4.2071692693392899, -8.5651909183793352e-16]
[4.1918826322998024, -4.1918826322998024, -6.5546954935964686e-16]
[4.172380746094996, -4.172380746094996, -3.8639550519240566e-17]
[4.1477742353421743, 4.1477742353421743, -6.6511440531600246e-16]
[4.124908734266203, 4.124908734266203, -2.3404585017551769e-17]
[4.0994621046846964, 4.0994621046846964, 5.3886633239964485e-16]
[4.071663902817428, -4.071663902817428, 4.3331432217272507e-16]
[4.0419417532641502, -4.0419417532641502, 3.1757756488080822e-16]
[4.0079950654412126, 4.0079950654412126, -6.5666064998576647e-16]
[3.9755902068332496, -3.9755902068332496, 9.8863221009320752e-16]
[3.9465117175517186, -3.9465117175517186, 6.2108550138444736e-16]
[3.9123422311000824, -3.9123422311000824, -7.4935831847330028e-17]
[3.8758608711130207, 3.8758608711130207, 1.1118856114316812e-16]
[3.839110228484572, 3.839110228484572, -4.8162307435957832e-16]
[3.8000093666940375, 3.8000093666940375, -3.0519852076660534e-17]
[3.7598589940098632, -3.7598589940098632, 1.2319555852553377e-15]
[3.716900647093444, -3.716900647093444, 3.5528139982633465e-17]
[3.6695209705828877, -3.6695209705828877, -7.7489354174164455e-16]
[3.6279897457537014, -3.6279897457537014, 3.9903373589196958e-16]
[3.5858561404855585, -3.5858561404855585, -5.5447099271059119e-16]
[3.5393612477201266, -3.5393612477201266, -3.6197201442180275e-16]
[3.4922403070749013, 3.4922403070749013, 5.9747363591787798e-16]
[3.443197592718831, 3.443197592718831, 1.7712563096859123e-16]
[3.3920798113509667, 3.3920798113509667, 5.0044138547598846e-16]
[3.3421087764782365, -3.3421087764782365, -6.7372182547938219e-16]
[3.2886199956441953, -3.2886199956441953, -1.2867362054884421e-15]
[3.2327595621044924, 3.2327595621044924, 1.1752496534279576e-16]
[3.1808295758719374, 3.1808295758719374, 9.0481803853590467e-17]
[3.1269267182944733, 3.1269267182944733, -7.269633574092712e-16]
[3.0711044918727932, 3.0711044918727932, -9.6591754846168926e-16]
[3.0134179314104332, 3.0134179314104332, 2.9087832109906518e-16]
[2.9539236736821866, 2.9539236736821866, 1.3608296912518356e-15]
[2.8947533860914678, -2.8947533860914678, -2.4194825656816302e-16]
[2.8366090951889831, -2.8366090951889831, -3.8339524881725399e-16]
[2.7755660513017006, -2.7755660513017006, -1.309908368339324e-16]
[2.7141518259771433, 2.7141518259771433, 4.1522206327952251e-16]
[2.6524718417701294, 2.6524718417701294, -4.652613970649111e-16]
[2.589163871654355, 2.589163871654355, 2.2732992288067139e-16]
[2.5255697603240792, -2.5255697603240792, -4.1353809891701976e-16]
[2.4607463536399332, -2.4607463536399332, -2.3876224363461958e-16]
[2.3938810328187392, -2.3938810328187392, 4.4917431801622936e-16]
[2.3294709639330935, 2.3294709639330935, -4.1879751619216745e-16]
[2.2643741757870575, 2.2643741757870575, -5.4071016302230267e-16]
[2.1978463446854155, 2.1978463446854155, -1.4810020680166462e-16]
[2.1302638563593015, -2.1302638563593015, 6.4228620294946131e-16]
[2.0613879083191469, -2.0613879083191469, 6.6528561450337697e-16]
[1.9917427560666352, 1.9917427560666352, -7.483468068510991e-16]
[1.9251333529953016, 1.9251333529953016, 4.1241113767734798e-16]
[1.8572346206134553, 1.8572346206134553, -7.5108847912972431e-17]
[1.7881223114536993, 1.7881223114536993, 4.1541983281112022e-16]
[1.718299080535447, -1.718299080535447, -7.7384762816120692e-17]
[1.6477552723198681, -1.6477552723198681, 2.5808094142095787e-16]
[1.5777608393479599, 1.5777608393479599, -7.1547372928506486e-17]
[1.5087842131387585, 1.5087842131387585, -3.325224596540613e-16]
[1.4387514985133445, 1.4387514985133445, -1.7610827477853687e-16]
[1.3684016597558404, -1.3684016597558404, 2.1772714445442116e-18]
[1.2983653927517844, -1.2983653927517844, 1.5387696342039126e-16]
[1.2282105315399805, -1.2282105315399805, 4.4541064331217831e-16]
[1.1581604293677183, 1.1581604293677183, 2.0582158634492185e-16]
[1.0882487562671341, -1.0882487562671341, 6.6988095349987358e-16]
[1.0187656620764842, -1.0187656620764842, 6.6544153670774782e-16]
[0.94988531901882534, 0.94988531901882534, -4.8752237879836294e-16]
[0.88152207187383669, -0.88152207187383669, 4.8578104645608862e-16]
[0.81402045962141945, -0.81402045962141945, -1.2794911561258981e-16]
[0.7474212969284032, -0.7474212969284032, -5.6364921306655097e-16]
[0.68202600090935861, 0.68202600090935861, -3.1655495418884587e-16]
[0.61869598779015123, -0.61869598779015123, -1.1167675576748377e-15]
[0.55781779721469682, -0.55781779721469682, 7.1267710459784197e-16]
[0.49870465176298806, 0.49870465176298806, -2.790501666209534e-16]
[0.44376259263743351, -0.44376259263743351, -2.2449108560915171e-16]
[0.3906401031130281, 0.3906401031130281, -1.2568769246316382e-15]
[0.34180325353710328, -0.34180325353710328, -4.7940493919149809e-16]
[0.29540528614453831, -0.29540528614453831, 5.9383053425431013e-16]
[0.25200324630771659, 0.25200324630771659, -2.5871921119013225e-16]
[0.21260291736013595, -0.21260291736013595, 4.9118609301539558e-16]
[0.17503133741646321, -0.17503133741646321, 6.1926463137852613e-16]
[0.15415934831350692, 0.15415934831350692, -1.8811925189092e-16]
[0.21413398413609458, 0.21413398413609458, -3.9499847687489758e-16]
[0.27462920791399509, 0.27462920791399509, -2.7432428514784349e-16]
[0.33597934700460702, -0.33597934700460702, -6.38600885021667e-17]
[0.39653996302432021, -0.39653996302432021, -8.2361565374218367e-17]
[0.45746175333303929, -0.45746175333303929, -3.1145667733507092e-16]
[0.51897397268250423, -0.51897397268250423, -6.2892159441766444e-16]
[0.57838996859503455, 0.57838996859503455, 3.0120414334762568e-17]
[0.63823847350361196, 0.63823847350361196, 1.8854970876477652e-17]
[0.69744693811473391, 0.69744693811473391, 1.8122689198202703e-16]
[0.75589018804197172, 0.75589018804197172, -4.9705848900181408e-16]
[0.81345258629201056, 0.81345258629201056, 4.8202294913932312e-16]
[0.870027682580784, 0.870027682580784, 3.2088220819657296e-17]
[0.92558619466041181, -0.92558619466041181, -3.3790289866309568e-16]
[0.98048084731387419, -0.98048084731387419, 5.4367597062975538e-16]
[1.0328949632382398, -1.0328949632382398, -9.6227212745737059e-17]
[1.0857111720432175, -1.0857111720432175, 1.5603990540213911e-17]
[1.1395284442058415, -1.1395284442058415, -7.8412263567641453e-16]
[1.1908752189469074, -1.1908752189469074, -8.3633797320670308e-16]
[1.2407152824245116, 1.2407152824245116, 6.4748292383787308e-16]
[1.2901386196475308, 1.2901386196475308, 1.4860172334725254e-16]
[1.3381016338866034, 1.3381016338866034, 6.529373278487277e-16]
[1.3850074381240101, -1.3850074381240101, -5.4780854612975047e-17]
[1.4298002105200589, -1.4298002105200589, -5.9652422595213688e-17]
[1.472724871156067, 1.472724871156067, 1.8222468653780049e-16]
[1.5176655984223961, -1.5176655984223961, -2.5189713757000672e-18]
[1.5614472761186524, -1.5614472761186524, -8.1465660047646361e-17]
[1.6022058523709486, -1.6022058523709486, -3.0471184102013618e-16]
[1.6426461443617701, 1.6426461443617701, -2.1034467967707365e-16]
[1.6817956889241621, 1.6817956889241621, 9.650951872091353e-17]
[1.7192420220444777, 1.7192420220444777, 2.8167583159258177e-16]
[1.7557264259750271, -1.7557264259750271, 4.3518592938843491e-16]
[1.788952863094043, -1.788952863094043, -3.4470828805739304e-16]
[1.8217125865905686, -1.8217125865905686, 9.1327860317328556e-17]
[1.8573401010302655, -1.8573401010302655, -2.9950273030761166e-16]
[1.8896260806690102, -1.8896260806690102, -3.0276451080138815e-16]
[1.9192897436992129, 1.9192897436992129, 2.5475651254977112e-16]
[1.9489988438339116, 1.9489988438339116, -4.0289363173711336e-17]
[1.9769161899495069, 1.9769161899495069, -3.3329229687361473e-16]
[2.003420127827126, -2.003420127827126, -3.246974882746043e-16]
[2.0276702278630228, -2.0276702278630228, 5.0314798428486403e-16]
[2.0498439948859324, 2.0498439948859324, 5.5299032995636347e-17]
[2.0734628841281655, -2.0734628841281655, 1.2528318920016676e-16]
[2.0968286591442267, -2.0968286591442267, -8.5825953341428067e-16]
[2.1164674152192808, -2.1164674152192808, -2.2710581066621544e-16]
[2.1353760379260143, 2.1353760379260143, 2.6503278041063334e-16]
[2.1536391760590048, 2.1536391760590048, -3.9213065781291721e-16]
[2.1700906487934235, 2.1700906487934235, 2.387797484990813e-16]
[2.1847340825321724, 2.1847340825321724, -5.9690997684419939e-16]
[2.1975747076580818, 2.1975747076580818, 1.9235844636333559e-16]
[2.2086192630034533, 2.2086192630034533, -9.4416371267659072e-17]
[2.2221964203725215, -2.2221964203725215, 1.4356368625694112e-16]
[2.2324783620380457, -2.2324783620380457, 6.8232214966843902e-16]
[2.2392794803363838, 2.2392794803363838, -1.5683483829331002e-16]
[2.2480267878115092, 2.2480267878115092, 2.1877680941434452e-16]
[2.2549939065152382, 2.2549939065152382, 3.921257925375087e-16]
[2.2601915075527059, 2.2601915075527059, 2.2285278155171973e-16]
[2.2636314753876778, 2.2636314753876778, 9.1335925728168563e-17]
[2.2653268591086912, 2.2653268591086912, -7.5185153552610544e-16]
[2.2664897906487731, -2.2664897906487731, 3.2564606089002122e-16]
[2.2674094261876201, -2.2674094261876201, -2.9466083977566624e-16]
output in /users/tkm/kanilmaz/thesis/results/wg3_2/supercurrent/vsg=0.0-20171025-15:47:01/data.csv
