-0.1
starting calculation with  500  points
time for calculation with multiprocessing:  0:00:17.215873
output in /users/tkm/kanilmaz/thesis/results/long328/supercurrent/vsg=-0.1-20171011-16:45:11/data.csv
-0.2
starting calculation with  500  points
time for calculation with multiprocessing:  0:00:17.573261
output in /users/tkm/kanilmaz/thesis/results/long328/supercurrent/vsg=-0.2-20171011-16:45:29/data.csv
-0.3
starting calculation with  500  points
time for calculation with multiprocessing:  0:00:17.226771
output in /users/tkm/kanilmaz/thesis/results/long328/supercurrent/vsg=-0.3-20171011-16:45:46/data.csv
-0.4
starting calculation with  500  points
time for calculation with multiprocessing:  0:00:16.649606
output in /users/tkm/kanilmaz/thesis/results/long328/supercurrent/vsg=-0.4-20171011-16:46:04/data.csv
-0.5
starting calculation with  500  points
time for calculation with multiprocessing:  0:00:17.247941
output in /users/tkm/kanilmaz/thesis/results/long328/supercurrent/vsg=-0.5-20171011-16:46:21/data.csv
-0.6
starting calculation with  500  points
time for calculation with multiprocessing:  0:00:17.079426
output in /users/tkm/kanilmaz/thesis/results/long328/supercurrent/vsg=-0.6-20171011-16:46:38/data.csv
-0.7
starting calculation with  500  points
time for calculation with multiprocessing:  0:00:17.312193
output in /users/tkm/kanilmaz/thesis/results/long328/supercurrent/vsg=-0.7-20171011-16:46:56/data.csv
-0.8
starting calculation with  500  points
time for calculation with multiprocessing:  0:00:17.658515
output in /users/tkm/kanilmaz/thesis/results/long328/supercurrent/vsg=-0.8-20171011-16:47:13/data.csv
-0.9
starting calculation with  500  points
time for calculation with multiprocessing:  0:00:17.562365
output in /users/tkm/kanilmaz/thesis/results/long328/supercurrent/vsg=-0.9-20171011-16:47:31/data.csv
-0.1
starting calculation with  500  points
time for calculation with multiprocessing:  0:00:17.084472
output in /users/tkm/kanilmaz/thesis/results/long328/supercurrent/vsg=-0.1-20171011-16:48:34/data.csv
-0.2
starting calculation with  500  points
time for calculation with multiprocessing:  0:00:17.371289
output in /users/tkm/kanilmaz/thesis/results/long328/supercurrent/vsg=-0.2-20171011-16:48:51/data.csv
-0.3
starting calculation with  500  points
time for calculation with multiprocessing:  0:00:16.788896
output in /users/tkm/kanilmaz/thesis/results/long328/supercurrent/vsg=-0.3-20171011-16:49:09/data.csv
-0.4
starting calculation with  500  points
time for calculation with multiprocessing:  0:00:17.272871
output in /users/tkm/kanilmaz/thesis/results/long328/supercurrent/vsg=-0.4-20171011-16:49:26/data.csv
-0.5
starting calculation with  500  points
time for calculation with multiprocessing:  0:00:17.501759
output in /users/tkm/kanilmaz/thesis/results/long328/supercurrent/vsg=-0.5-20171011-16:49:43/data.csv
-0.6
starting calculation with  500  points
time for calculation with multiprocessing:  0:00:17.862477
output in /users/tkm/kanilmaz/thesis/results/long328/supercurrent/vsg=-0.6-20171011-16:50:01/data.csv
-0.7
starting calculation with  500  points
time for calculation with multiprocessing:  0:00:17.048286
output in /users/tkm/kanilmaz/thesis/results/long328/supercurrent/vsg=-0.7-20171011-16:50:19/data.csv
-0.8
starting calculation with  500  points
time for calculation with multiprocessing:  0:00:17.225388
output in /users/tkm/kanilmaz/thesis/results/long328/supercurrent/vsg=-0.8-20171011-16:50:37/data.csv
-0.9
starting calculation with  500  points
time for calculation with multiprocessing:  0:00:16.738127
output in /users/tkm/kanilmaz/thesis/results/long328/supercurrent/vsg=-0.9-20171011-16:50:54/data.csv
0.0
starting calculation with  500  points
time for calculation with multiprocessing:  0:00:17.093351
output in /users/tkm/kanilmaz/thesis/results/long328/supercurrent/vsg=0.0-20171012-14:30:25/data.csv
0.0
starting calculation with  500  points
time for calculation with multiprocessing:  0:25:14.755984
output in /users/tkm/kanilmaz/thesis/results/wg3_1/supercurrent/vsg=0.0-20171012-16:58:04/data.csv
-0.15
starting calculation with  500  points
-0.15
starting calculation with  500  points
time for calculation with multiprocessing:  0:02:52.355578
output in /users/tkm/kanilmaz/thesis/results/wg3_2/supercurrent/vsg=-0.15-20171016-16:24:03/data.csv
-0.25
starting calculation with  500  points
time for calculation with multiprocessing:  0:02:53.728535
output in /users/tkm/kanilmaz/thesis/results/wg3_2/supercurrent/vsg=-0.25-20171016-16:26:56/data.csv
-0.35
starting calculation with  500  points
time for calculation with multiprocessing:  0:02:52.467118
output in /users/tkm/kanilmaz/thesis/results/wg3_2/supercurrent/vsg=-0.35-20171016-16:29:50/data.csv
-0.375
starting calculation with  500  points
time for calculation with multiprocessing:  0:02:50.173436
output in /users/tkm/kanilmaz/thesis/results/wg3_2/supercurrent/vsg=-0.375-20171016-16:32:42/data.csv
-0.4
starting calculation with  500  points
time for calculation with multiprocessing:  0:02:52.499385
output in /users/tkm/kanilmaz/thesis/results/wg3_2/supercurrent/vsg=-0.4-20171016-16:35:33/data.csv
-0.425
starting calculation with  500  points
time for calculation with multiprocessing:  0:02:51.703832
output in /users/tkm/kanilmaz/thesis/results/wg3_2/supercurrent/vsg=-0.425-20171016-16:38:26/data.csv
-0.45
starting calculation with  500  points
time for calculation with multiprocessing:  0:02:53.761118
output in /users/tkm/kanilmaz/thesis/results/wg3_2/supercurrent/vsg=-0.45-20171016-16:41:18/data.csv
-0.475
starting calculation with  500  points
time for calculation with multiprocessing:  0:02:52.356181
output in /users/tkm/kanilmaz/thesis/results/wg3_2/supercurrent/vsg=-0.475-20171016-16:44:12/data.csv
-0.1
starting calculation with  500  points
-0.1
starting calculation with  500  points
time for calculation with multiprocessing:  0:02:52.386560
output in /users/tkm/kanilmaz/thesis/results/wg3_2/supercurrent/vsg=-0.1-20171016-17:03:12/data.csv
-0.2
starting calculation with  500  points
time for calculation with multiprocessing:  0:02:52.136599
output in /users/tkm/kanilmaz/thesis/results/wg3_2/supercurrent/vsg=-0.2-20171016-17:06:05/data.csv
-0.3
starting calculation with  500  points
time for calculation with multiprocessing:  0:02:52.964661
output in /users/tkm/kanilmaz/thesis/results/wg3_2/supercurrent/vsg=-0.3-20171016-17:08:57/data.csv
-0.4
starting calculation with  500  points
time for calculation with multiprocessing:  0:02:54.394957
output in /users/tkm/kanilmaz/thesis/results/wg3_2/supercurrent/vsg=-0.4-20171016-17:11:50/data.csv
-0.5
starting calculation with  500  points
